  bscs24043_towerdefense.cpp
C:\Users\ibrah\OneDrive\Desktop\Kehale\ITUniversity\sem2\objectoriented\towerdefenseOOP\bscs24043_towerdefense\Enemy.h(22,56): warning C4244: 'initializing': conversion from 'int' to 'float', possible loss of data
  (compiling source file 'bscs24043_towerdefense.cpp')
  
C:\Users\ibrah\OneDrive\Desktop\Kehale\ITUniversity\sem2\objectoriented\towerdefenseOOP\bscs24043_towerdefense\Map.h(31,26): warning C4244: 'argument': conversion from 'float' to 'int', possible loss of data
  (compiling source file 'bscs24043_towerdefense.cpp')
  
C:\Users\ibrah\OneDrive\Desktop\Kehale\ITUniversity\sem2\objectoriented\towerdefenseOOP\bscs24043_towerdefense\Map.h(31,29): warning C4244: 'argument': conversion from 'float' to 'int', possible loss of data
  (compiling source file 'bscs24043_towerdefense.cpp')
  
C:\Users\ibrah\OneDrive\Desktop\Kehale\ITUniversity\sem2\objectoriented\towerdefenseOOP\bscs24043_towerdefense\Map.h(57,34): warning C4244: 'argument': conversion from 'float' to 'int', possible loss of data
  (compiling source file 'bscs24043_towerdefense.cpp')
  
C:\Users\ibrah\OneDrive\Desktop\Kehale\ITUniversity\sem2\objectoriented\towerdefenseOOP\bscs24043_towerdefense\Map.h(57,42): warning C4244: 'argument': conversion from 'float' to 'int', possible loss of data
  (compiling source file 'bscs24043_towerdefense.cpp')
  
C:\Users\ibrah\OneDrive\Desktop\Kehale\ITUniversity\sem2\objectoriented\towerdefenseOOP\bscs24043_towerdefense\Map.h(115,34): warning C4244: 'argument': conversion from 'int' to 'float', possible loss of data
  (compiling source file 'bscs24043_towerdefense.cpp')
  
C:\Users\ibrah\OneDrive\Desktop\Kehale\ITUniversity\sem2\objectoriented\towerdefenseOOP\bscs24043_towerdefense\Map.h(115,31): warning C4244: 'argument': conversion from 'int' to 'float', possible loss of data
  (compiling source file 'bscs24043_towerdefense.cpp')
  
C:\Users\ibrah\OneDrive\Desktop\Kehale\ITUniversity\sem2\objectoriented\towerdefenseOOP\bscs24043_towerdefense\Tower.h(22,13): warning C4150: deletion of pointer to incomplete type 'Tower'; no destructor called
  (compiling source file 'bscs24043_towerdefense.cpp')
      C:\Users\ibrah\OneDrive\Desktop\Kehale\ITUniversity\sem2\objectoriented\towerdefenseOOP\bscs24043_towerdefense\Tower.h(9,7):
      see declaration of 'Tower'
  
C:\Users\ibrah\OneDrive\Desktop\Kehale\ITUniversity\sem2\objectoriented\towerdefenseOOP\bscs24043_towerdefense\Tower.h(66,27): warning C4244: 'initializing': conversion from 'int' to 'float', possible loss of data
  (compiling source file 'bscs24043_towerdefense.cpp')
  
C:\Users\ibrah\OneDrive\Desktop\Kehale\ITUniversity\sem2\objectoriented\towerdefenseOOP\bscs24043_towerdefense\Tower.h(73,73): warning C4244: 'argument': conversion from 'float' to 'int', possible loss of data
  (compiling source file 'bscs24043_towerdefense.cpp')
  
C:\Users\ibrah\OneDrive\Desktop\Kehale\ITUniversity\sem2\objectoriented\towerdefenseOOP\bscs24043_towerdefense\Tower.h(73,60): warning C4244: 'argument': conversion from 'float' to 'int', possible loss of data
  (compiling source file 'bscs24043_towerdefense.cpp')
  
C:\Users\ibrah\OneDrive\Desktop\Kehale\ITUniversity\sem2\objectoriented\towerdefenseOOP\bscs24043_towerdefense\Tower.h(74,72): warning C4244: 'argument': conversion from 'float' to 'int', possible loss of data
  (compiling source file 'bscs24043_towerdefense.cpp')
  
C:\Users\ibrah\OneDrive\Desktop\Kehale\ITUniversity\sem2\objectoriented\towerdefenseOOP\bscs24043_towerdefense\Tower.h(74,59): warning C4244: 'argument': conversion from 'float' to 'int', possible loss of data
  (compiling source file 'bscs24043_towerdefense.cpp')
  
C:\Users\ibrah\OneDrive\Desktop\Kehale\ITUniversity\sem2\objectoriented\towerdefenseOOP\bscs24043_towerdefense\Tower.h(75,70): warning C4244: 'argument': conversion from 'float' to 'int', possible loss of data
  (compiling source file 'bscs24043_towerdefense.cpp')
  
C:\Users\ibrah\OneDrive\Desktop\Kehale\ITUniversity\sem2\objectoriented\towerdefenseOOP\bscs24043_towerdefense\Tower.h(75,57): warning C4244: 'argument': conversion from 'float' to 'int', possible loss of data
  (compiling source file 'bscs24043_towerdefense.cpp')
  
C:\Users\ibrah\OneDrive\Desktop\Kehale\ITUniversity\sem2\objectoriented\towerdefenseOOP\bscs24043_towerdefense\Tower.h(79,37): warning C4244: 'argument': conversion from 'float' to 'int', possible loss of data
  (compiling source file 'bscs24043_towerdefense.cpp')
  
C:\Users\ibrah\OneDrive\Desktop\Kehale\ITUniversity\sem2\objectoriented\towerdefenseOOP\bscs24043_towerdefense\Tower.h(79,24): warning C4244: 'argument': conversion from 'float' to 'int', possible loss of data
  (compiling source file 'bscs24043_towerdefense.cpp')
  
C:\Users\ibrah\OneDrive\Desktop\Kehale\ITUniversity\sem2\objectoriented\towerdefenseOOP\bscs24043_towerdefense\Tower.h(81,37): warning C4244: 'argument': conversion from 'float' to 'int', possible loss of data
  (compiling source file 'bscs24043_towerdefense.cpp')
  
C:\Users\ibrah\OneDrive\Desktop\Kehale\ITUniversity\sem2\objectoriented\towerdefenseOOP\bscs24043_towerdefense\Tower.h(81,24): warning C4244: 'argument': conversion from 'float' to 'int', possible loss of data
  (compiling source file 'bscs24043_towerdefense.cpp')
  
C:\Users\ibrah\OneDrive\Desktop\Kehale\ITUniversity\sem2\objectoriented\towerdefenseOOP\bscs24043_towerdefense\Tower.h(84,60): warning C4244: 'argument': conversion from 'float' to 'int', possible loss of data
  (compiling source file 'bscs24043_towerdefense.cpp')
  
C:\Users\ibrah\OneDrive\Desktop\Kehale\ITUniversity\sem2\objectoriented\towerdefenseOOP\bscs24043_towerdefense\Tower.h(84,47): warning C4244: 'argument': conversion from 'float' to 'int', possible loss of data
  (compiling source file 'bscs24043_towerdefense.cpp')
  
C:\Users\ibrah\OneDrive\Desktop\Kehale\ITUniversity\sem2\objectoriented\towerdefenseOOP\bscs24043_towerdefense\Tower.h(110,32): warning C4244: 'initializing': conversion from 'double' to 'float', possible loss of data
  (compiling source file 'bscs24043_towerdefense.cpp')
  
C:\Users\ibrah\OneDrive\Desktop\Kehale\ITUniversity\sem2\objectoriented\towerdefenseOOP\bscs24043_towerdefense\Tower.h(128,23): warning C4244: 'argument': conversion from 'int' to 'float', possible loss of data
  (compiling source file 'bscs24043_towerdefense.cpp')
  
C:\Users\ibrah\OneDrive\Desktop\Kehale\ITUniversity\sem2\objectoriented\towerdefenseOOP\bscs24043_towerdefense\JoelTower.h(24,18): warning C4244: '+=': conversion from 'float' to 'int', possible loss of data
  (compiling source file 'bscs24043_towerdefense.cpp')
  
C:\Users\ibrah\OneDrive\Desktop\Kehale\ITUniversity\sem2\objectoriented\towerdefenseOOP\bscs24043_towerdefense\JoelTower.h(34,18): warning C4244: '+=': conversion from 'float' to 'int', possible loss of data
  (compiling source file 'bscs24043_towerdefense.cpp')
  
C:\Users\ibrah\OneDrive\Desktop\Kehale\ITUniversity\sem2\objectoriented\towerdefenseOOP\bscs24043_towerdefense\EllieTower.h(25,18): warning C4244: '+=': conversion from 'float' to 'int', possible loss of data
  (compiling source file 'bscs24043_towerdefense.cpp')
  
C:\Users\ibrah\OneDrive\Desktop\Kehale\ITUniversity\sem2\objectoriented\towerdefenseOOP\bscs24043_towerdefense\Game.h(251,42): warning C4244: 'argument': conversion from 'float' to 'int', possible loss of data
  (compiling source file 'bscs24043_towerdefense.cpp')
  
C:\Users\ibrah\OneDrive\Desktop\Kehale\ITUniversity\sem2\objectoriented\towerdefenseOOP\bscs24043_towerdefense\Game.h(251,39): warning C4244: 'argument': conversion from 'float' to 'int', possible loss of data
  (compiling source file 'bscs24043_towerdefense.cpp')
  
C:\Users\ibrah\OneDrive\Desktop\Kehale\ITUniversity\sem2\objectoriented\towerdefenseOOP\bscs24043_towerdefense\Game.h(254,52): warning C4244: 'argument': conversion from 'float' to 'int', possible loss of data
  (compiling source file 'bscs24043_towerdefense.cpp')
  
C:\Users\ibrah\OneDrive\Desktop\Kehale\ITUniversity\sem2\objectoriented\towerdefenseOOP\bscs24043_towerdefense\Game.h(254,36): warning C4244: 'argument': conversion from 'float' to 'int', possible loss of data
  (compiling source file 'bscs24043_towerdefense.cpp')
  
C:\Users\ibrah\OneDrive\Desktop\Kehale\ITUniversity\sem2\objectoriented\towerdefenseOOP\bscs24043_towerdefense\Game.h(254,31): warning C4244: 'argument': conversion from 'float' to 'int', possible loss of data
  (compiling source file 'bscs24043_towerdefense.cpp')
  
C:\Users\ibrah\OneDrive\Desktop\Kehale\ITUniversity\sem2\objectoriented\towerdefenseOOP\bscs24043_towerdefense\Game.h(255,41): warning C4244: 'argument': conversion from 'float' to 'int', possible loss of data
  (compiling source file 'bscs24043_towerdefense.cpp')
  
C:\Users\ibrah\OneDrive\Desktop\Kehale\ITUniversity\sem2\objectoriented\towerdefenseOOP\bscs24043_towerdefense\Game.h(255,36): warning C4244: 'argument': conversion from 'float' to 'int', possible loss of data
  (compiling source file 'bscs24043_towerdefense.cpp')
  
C:\Users\ibrah\OneDrive\Desktop\Kehale\ITUniversity\sem2\objectoriented\towerdefenseOOP\bscs24043_towerdefense\Game.h(293,19): warning C4244: 'initializing': conversion from 'float' to 'int', possible loss of data
  (compiling source file 'bscs24043_towerdefense.cpp')
  
C:\Users\ibrah\OneDrive\Desktop\Kehale\ITUniversity\sem2\objectoriented\towerdefenseOOP\bscs24043_towerdefense\Game.h(294,19): warning C4244: 'initializing': conversion from 'float' to 'int', possible loss of data
  (compiling source file 'bscs24043_towerdefense.cpp')
  
C:\Users\ibrah\OneDrive\Desktop\Kehale\ITUniversity\sem2\objectoriented\towerdefenseOOP\bscs24043_towerdefense\Game.h(357,59): warning C4244: 'argument': conversion from 'float' to 'int', possible loss of data
  (compiling source file 'bscs24043_towerdefense.cpp')
  
C:\Users\ibrah\OneDrive\Desktop\Kehale\ITUniversity\sem2\objectoriented\towerdefenseOOP\bscs24043_towerdefense\Game.h(357,41): warning C4244: 'argument': conversion from 'float' to 'int', possible loss of data
  (compiling source file 'bscs24043_towerdefense.cpp')
  
C:\Users\ibrah\OneDrive\Desktop\Kehale\ITUniversity\sem2\objectoriented\towerdefenseOOP\bscs24043_towerdefense\Game.h(358,59): warning C4244: 'argument': conversion from 'float' to 'int', possible loss of data
  (compiling source file 'bscs24043_towerdefense.cpp')
  
C:\Users\ibrah\OneDrive\Desktop\Kehale\ITUniversity\sem2\objectoriented\towerdefenseOOP\bscs24043_towerdefense\Game.h(358,41): warning C4244: 'argument': conversion from 'float' to 'int', possible loss of data
  (compiling source file 'bscs24043_towerdefense.cpp')
  
C:\Users\ibrah\OneDrive\Desktop\Kehale\ITUniversity\sem2\objectoriented\towerdefenseOOP\bscs24043_towerdefense\Game.h(359,59): warning C4244: 'argument': conversion from 'float' to 'int', possible loss of data
  (compiling source file 'bscs24043_towerdefense.cpp')
  
C:\Users\ibrah\OneDrive\Desktop\Kehale\ITUniversity\sem2\objectoriented\towerdefenseOOP\bscs24043_towerdefense\Game.h(359,41): warning C4244: 'argument': conversion from 'float' to 'int', possible loss of data
  (compiling source file 'bscs24043_towerdefense.cpp')
  
C:\Users\ibrah\OneDrive\Desktop\Kehale\ITUniversity\sem2\objectoriented\towerdefenseOOP\bscs24043_towerdefense\Game.h(433,27): warning C4244: 'initializing': conversion from 'float' to 'int', possible loss of data
  (compiling source file 'bscs24043_towerdefense.cpp')
  
C:\Users\ibrah\OneDrive\Desktop\Kehale\ITUniversity\sem2\objectoriented\towerdefenseOOP\bscs24043_towerdefense\Game.h(434,27): warning C4244: 'initializing': conversion from 'float' to 'int', possible loss of data
  (compiling source file 'bscs24043_towerdefense.cpp')
  
C:\Users\ibrah\OneDrive\Desktop\Kehale\ITUniversity\sem2\objectoriented\towerdefenseOOP\bscs24043_towerdefense\Game.h(526,23): warning C4244: 'argument': conversion from 'float' to 'int', possible loss of data
  (compiling source file 'bscs24043_towerdefense.cpp')
  
C:\Users\ibrah\OneDrive\Desktop\Kehale\ITUniversity\sem2\objectoriented\towerdefenseOOP\bscs24043_towerdefense\Game.h(525,43): warning C4244: 'argument': conversion from 'float' to 'int', possible loss of data
  (compiling source file 'bscs24043_towerdefense.cpp')
  
C:\Users\ibrah\OneDrive\Desktop\Kehale\ITUniversity\sem2\objectoriented\towerdefenseOOP\bscs24043_towerdefense\Tower.h(158,1): warning C4715: 'Tower::getUpgradeCost': not all control paths return a value
  bscs24043_towerdefense.vcxproj -> C:\Users\ibrah\OneDrive\Desktop\Kehale\ITUniversity\sem2\objectoriented\towerdefenseOOP\bscs24043_towerdefense\x64\Debug\bscs24043_towerdefense.exe
  'pwsh.exe' is not recognized as an internal or external command,
  operable program or batch file.
